<?xml version="1.0" encoding="UTF-8"?>
<testsuite name="StructHandlerTest" tests="3" skipped="0" failures="0" errors="0" timestamp="2026-03-15T20:04:43.241Z" hostname="kirillchik-NP5x-60-7x-RNx1" time="0.008">
  <properties/>
  <testcase name="testSaveWord_NewAndExisting()" classname="StructHandlerTest" time="0.003"/>
  <testcase name="testSort()" classname="StructHandlerTest" time="0.002"/>
  <testcase name="testCountAbsFreq()" classname="StructHandlerTest" time="0.001"/>
  <system-out><![CDATA[]]></system-out>
  <system-err><![CDATA[]]></system-err>
</testsuite>
